<?xml version="1.0" encoding="UTF-8"?>
<testsuite name="edu.kaiseran.structuregrader.MemberSpecTest" tests="4" skipped="0" failures="0" errors="0" timestamp="2019-11-01T16:30:43" hostname="DESKTOP-BFS5MVO" time="0.004">
  <properties/>
  <testcase name="publicWherePublicExpected" classname="edu.kaiseran.structuregrader.MemberSpecTest" time="0.003"/>
  <testcase name="publicWherePrivateExpected" classname="edu.kaiseran.structuregrader.MemberSpecTest" time="0.001"/>
  <testcase name="privateWherePublicExpected" classname="edu.kaiseran.structuregrader.MemberSpecTest" time="0.0"/>
  <testcase name="privateWherePrivateExpected" classname="edu.kaiseran.structuregrader.MemberSpecTest" time="0.0"/>
  <system-out><![CDATA[Noncompliance(parentName=SuperClass, expected=18, actual=1, explanation=Expected Member to have modifiers 18, but had 1)
Noncompliance(parentName=SuperClass, expected=1, actual=18, explanation=Expected Member to have modifiers 1, but had 18)
]]></system-out>
  <system-err><![CDATA[]]></system-err>
</testsuite>
