<?xml version="1.0" encoding="UTF-8"?>
<testsuite name="edu.kaiseran.structuregrader.AnnotatedElementSuiteTest" tests="9" skipped="0" failures="0" errors="0" timestamp="2019-11-01T16:30:43" hostname="DESKTOP-BFS5MVO" time="0.021">
  <properties/>
  <testcase name="manyWhereNoneExpected" classname="edu.kaiseran.structuregrader.AnnotatedElementSuiteTest" time="0.018"/>
  <testcase name="manyWhereOneExpected" classname="edu.kaiseran.structuregrader.AnnotatedElementSuiteTest" time="0.001"/>
  <testcase name="oneWhereManyExpected" classname="edu.kaiseran.structuregrader.AnnotatedElementSuiteTest" time="0.0"/>
  <testcase name="noneWhereNoneExpected" classname="edu.kaiseran.structuregrader.AnnotatedElementSuiteTest" time="0.001"/>
  <testcase name="manyWhereManyExpected" classname="edu.kaiseran.structuregrader.AnnotatedElementSuiteTest" time="0.0"/>
  <testcase name="oneWhereOneExpected" classname="edu.kaiseran.structuregrader.AnnotatedElementSuiteTest" time="0.0"/>
  <testcase name="noneWhereManyExpected" classname="edu.kaiseran.structuregrader.AnnotatedElementSuiteTest" time="0.001"/>
  <testcase name="oneWhereNoneExpected" classname="edu.kaiseran.structuregrader.AnnotatedElementSuiteTest" time="0.0"/>
  <testcase name="noneWhereOneExpected" classname="edu.kaiseran.structuregrader.AnnotatedElementSuiteTest" time="0.0"/>
  <system-out><![CDATA[Noncompliance(parentName=noAnnotationMethod annotations, expected=[], actual=[TestAnnotation2, TestAnnotation1], explanation=Found extra items! Expected to have items [], but got [TestAnnotation2, TestAnnotation1])
Noncompliance(parentName=oneAnnotationMethod annotations, expected=[TestAnnotation1], actual=[TestAnnotation2, TestAnnotation1], explanation=Found extra items! Expected to have items [TestAnnotation1], but got [TestAnnotation2, TestAnnotation1])
Noncompliance(parentName=manyAnnotationMethod annotations, expected=[TestAnnotation2, TestAnnotation1], actual=[TestAnnotation1], explanation=Found missing items! Expected to have items [TestAnnotation2, TestAnnotation1], but got [TestAnnotation1])
Noncompliance(parentName=manyAnnotationMethod annotations, expected=[TestAnnotation2, TestAnnotation1], actual=[], explanation=Found missing items! Expected to have items [TestAnnotation2, TestAnnotation1], but got [])
Noncompliance(parentName=noAnnotationMethod annotations, expected=[], actual=[TestAnnotation1], explanation=Found extra items! Expected to have items [], but got [TestAnnotation1])
Noncompliance(parentName=oneAnnotationMethod annotations, expected=[TestAnnotation1], actual=[], explanation=Found missing items! Expected to have items [TestAnnotation1], but got [])
]]></system-out>
  <system-err><![CDATA[]]></system-err>
</testsuite>
