<?xml version="1.0" encoding="UTF-8"?>
<testsuite name="edu.kaiseran.structuregrader.MissingExtraHelperTest" tests="8" skipped="0" failures="0" errors="0" timestamp="2019-11-01T16:30:43" hostname="DESKTOP-BFS5MVO" time="0.006">
  <properties/>
  <testcase name="testExtraWhereThreeExtra" classname="edu.kaiseran.structuregrader.MissingExtraHelperTest" time="0.001"/>
  <testcase name="testMissingWhereOneExtra" classname="edu.kaiseran.structuregrader.MissingExtraHelperTest" time="0.001"/>
  <testcase name="testExtraWhereNoExtra" classname="edu.kaiseran.structuregrader.MissingExtraHelperTest" time="0.0"/>
  <testcase name="testExtraWhereOneMissing" classname="edu.kaiseran.structuregrader.MissingExtraHelperTest" time="0.0"/>
  <testcase name="testMissingWhereOneMissing" classname="edu.kaiseran.structuregrader.MissingExtraHelperTest" time="0.001"/>
  <testcase name="testMissingWhereThreeMissing" classname="edu.kaiseran.structuregrader.MissingExtraHelperTest" time="0.001"/>
  <testcase name="testExtraWhereOneExtra" classname="edu.kaiseran.structuregrader.MissingExtraHelperTest" time="0.0"/>
  <testcase name="testMissingWhereNoMissing" classname="edu.kaiseran.structuregrader.MissingExtraHelperTest" time="0.001"/>
  <system-out><![CDATA[Noncompliance(parentName=testExtraWhereThreeExtra, expected=[B key, A key], actual=[C key, B key, A key, E key, D key], explanation=Found extra items! Expected to have items [B key, A key], but got [C key, B key, A key, E key, D key])
Noncompliance(parentName=testMissingWhereOneMissing, expected=[C key, B key, A key], actual=[B key, A key], explanation=Found missing items! Expected to have items [C key, B key, A key], but got [B key, A key])
Noncompliance(parentName=testMissingWhereThreeMissing, expected=[C key, B key, A key, E key, D key], actual=[B key, A key], explanation=Found missing items! Expected to have items [C key, B key, A key, E key, D key], but got [B key, A key])
Noncompliance(parentName=testExtraWhereOneExtra, expected=[B key, A key], actual=[C key, B key, A key], explanation=Found extra items! Expected to have items [B key, A key], but got [C key, B key, A key])
]]></system-out>
  <system-err><![CDATA[]]></system-err>
</testsuite>
