<?xml version="1.0" encoding="UTF-8"?>
<testsuite name="edu.kaiseran.structuregrader.SuperclassSpecTest" tests="6" skipped="0" failures="0" errors="0" timestamp="2019-11-01T16:30:43" hostname="DESKTOP-BFS5MVO" time="0.005">
  <properties/>
  <testcase name="superExpectedAndHadSuper" classname="edu.kaiseran.structuregrader.SuperclassSpecTest" time="0.001"/>
  <testcase name="superExpectedButHadWrongSuper" classname="edu.kaiseran.structuregrader.SuperclassSpecTest" time="0.002"/>
  <testcase name="noSuperExpectedButHadSuper" classname="edu.kaiseran.structuregrader.SuperclassSpecTest" time="0.0"/>
  <testcase name="noSuperExpectedAndExtendsObjectExplicitly" classname="edu.kaiseran.structuregrader.SuperclassSpecTest" time="0.0"/>
  <testcase name="superExpectedButHadNone" classname="edu.kaiseran.structuregrader.SuperclassSpecTest" time="0.0"/>
  <testcase name="noSuperExpectedAndHadNone" classname="edu.kaiseran.structuregrader.SuperclassSpecTest" time="0.0"/>
  <system-out><![CDATA[Noncompliance(parentName=SubClassOfWrongSuper, expected=SuperClass, actual=WrongSuperClass, explanation=Expected class SubClassOfWrongSuper to have superclass SuperClass, but had superclass WrongSuperClass.)
Noncompliance(parentName=SubClass, expected=null, actual=SuperClass, explanation=Expected class SubClass to have no superclass, but had superclass SuperClass.)
Noncompliance(parentName=NoSuperClass, expected=SuperClass, actual=null, explanation=Expected class NoSuperClass to have superclass SuperClass, but had no superclass)
]]></system-out>
  <system-err><![CDATA[]]></system-err>
</testsuite>
